This is LuaHBTeX, Version 1.24.0 (TeX Live 2026/MacPorts 2026.78235_5)  (format=lualatex 2026.6.6)  21 JUL 2026 21:41
 restricted system commands enabled.
**hihi.tex
(./hihi.tex
LaTeX2e <2025-11-01>
L3 programming layer <2026-01-19>
[\directlua]:1: module 'luaotfload-main' not found:
	no field package.preload['luaotfload-main']
	[kpse lua searcher] file not found: 'luaotfload-main'
Error in luaotfload: reverting to OT1
Inserting `tracingstacklevels' in `input_level_string'.

! LaTeX Error: File `beamer.cls' not found.

Type X to quit or <RETURN> to proceed,
or enter new name. (Default extension: cls)

Enter file name: 
! Emergency stop.
<read *> 
         
l.2 
     
*** (cannot \read from terminal in nonstop modes)



Here is how much of LuaTeX's memory you used:
 22 strings out of 476103
 100000,460012 words of node,token memory allocated 275 words of node memory still in use:
   1 hlist, 1 dir, 39 glue_spec nodes
   avail lists: 2:12,3:3,4:1
 22560 multiletter control sequences out of 65536+600000
 14 fonts using 591679 bytes
 19i,0n,29p,49b,17s stack positions out of 10000i,1000n,20000p,200000b,200000s
!  ==> Fatal error occurred, no output PDF file produced!
